{"E:\\Projects\\estoqueFast\\backend\\src\\routes.ts": {"path":"E:\\Projects\\estoqueFast\\backend\\src\\routes.ts","statementMap":{"0":{"start":{"line":1,"column":0},"end":{"line":1,"column":52}},"1":{"start":{"line":3,"column":0},"end":{"line":3,"column":64}},"2":{"start":{"line":5,"column":0},"end":{"line":5,"column":79}},"3":{"start":{"line":6,"column":0},"end":{"line":6,"column":67}},"4":{"start":{"line":7,"column":0},"end":{"line":7,"column":79}},"5":{"start":{"line":9,"column":0},"end":{"line":9,"column":91}},"6":{"start":{"line":10,"column":0},"end":{"line":10,"column":87}},"7":{"start":{"line":12,"column":0},"end":{"line":12,"column":89}},"8":{"start":{"line":13,"column":0},"end":{"line":13,"column":95}},"9":{"start":{"line":15,"column":0},"end":{"line":15,"column":82}},"10":{"start":{"line":16,"column":0},"end":{"line":16,"column":96}},"11":{"start":{"line":17,"column":0},"end":{"line":17,"column":88}},"12":{"start":{"line":18,"column":0},"end":{"line":18,"column":93}},"13":{"start":{"line":20,"column":0},"end":{"line":20,"column":81}},"14":{"start":{"line":21,"column":0},"end":{"line":21,"column":83}},"15":{"start":{"line":22,"column":0},"end":{"line":22,"column":93}},"16":{"start":{"line":24,"column":0},"end":{"line":24,"column":99}},"17":{"start":{"line":26,"column":0},"end":{"line":26,"column":92}},"18":{"start":{"line":28,"column":0},"end":{"line":28,"column":82}},"19":{"start":{"line":29,"column":0},"end":{"line":29,"column":89}},"20":{"start":{"line":31,"column":15},"end":{"line":31,"column":23}},"21":{"start":{"line":67,"column":9},"end":{"line":67,"column":15}},"22":{"start":{"line":34,"column":0},"end":{"line":34,"column":null}},"23":{"start":{"line":35,"column":0},"end":{"line":35,"column":null}},"24":{"start":{"line":36,"column":0},"end":{"line":36,"column":null}},"25":{"start":{"line":39,"column":0},"end":{"line":39,"column":null}},"26":{"start":{"line":40,"column":0},"end":{"line":40,"column":null}},"27":{"start":{"line":43,"column":0},"end":{"line":43,"column":null}},"28":{"start":{"line":44,"column":0},"end":{"line":44,"column":null}},"29":{"start":{"line":47,"column":0},"end":{"line":47,"column":null}},"30":{"start":{"line":48,"column":0},"end":{"line":48,"column":null}},"31":{"start":{"line":49,"column":0},"end":{"line":49,"column":null}},"32":{"start":{"line":50,"column":0},"end":{"line":50,"column":null}},"33":{"start":{"line":53,"column":0},"end":{"line":53,"column":null}},"34":{"start":{"line":54,"column":0},"end":{"line":54,"column":null}},"35":{"start":{"line":55,"column":0},"end":{"line":55,"column":null}},"36":{"start":{"line":56,"column":0},"end":{"line":56,"column":null}},"37":{"start":{"line":57,"column":0},"end":{"line":57,"column":null}},"38":{"start":{"line":61,"column":0},"end":{"line":61,"column":null}},"39":{"start":{"line":64,"column":0},"end":{"line":64,"column":null}}},"fnMap":{},"branchMap":{},"s":{"0":1,"1":1,"2":1,"3":1,"4":1,"5":1,"6":1,"7":1,"8":1,"9":1,"10":1,"11":1,"12":1,"13":1,"14":1,"15":1,"16":1,"17":1,"18":1,"19":1,"20":1,"21":1,"22":1,"23":1,"24":1,"25":1,"26":1,"27":1,"28":1,"29":1,"30":1,"31":1,"32":1,"33":1,"34":1,"35":1,"36":1,"37":1,"38":1,"39":1},"f":{},"b":{}}
,"E:\\Projects\\estoqueFast\\backend\\src\\server.ts": {"path":"E:\\Projects\\estoqueFast\\backend\\src\\server.ts","statementMap":{"0":{"start":{"line":1,"column":0},"end":{"line":1,"column":66}},"1":{"start":{"line":2,"column":0},"end":{"line":2,"column":29}},"2":{"start":{"line":3,"column":0},"end":{"line":3,"column":33}},"3":{"start":{"line":4,"column":0},"end":{"line":4,"column":23}},"4":{"start":{"line":6,"column":12},"end":{"line":6,"column":21}},"5":{"start":{"line":7,"column":0},"end":{"line":7,"column":null}},"6":{"start":{"line":8,"column":0},"end":{"line":8,"column":null}},"7":{"start":{"line":10,"column":0},"end":{"line":10,"column":null}},"8":{"start":{"line":12,"column":0},"end":{"line":25,"column":null}},"9":{"start":{"line":14,"column":4},"end":{"line":20,"column":null}},"10":{"start":{"line":16,"column":8},"end":{"line":18,"column":null}},"11":{"start":{"line":21,"column":4},"end":{"line":24,"column":null}},"12":{"start":{"line":27,"column":0},"end":{"line":29,"column":null}},"13":{"start":{"line":28,"column":4},"end":{"line":28,"column":null}},"14":{"start":{"line":31,"column":0},"end":{"line":31,"column":null}}},"fnMap":{"0":{"name":"(anonymous_1)","decl":{"start":{"line":12,"column":8},"end":{"line":12,"column":9}},"loc":{"start":{"line":12,"column":72},"end":{"line":25,"column":1}}},"1":{"name":"(anonymous_2)","decl":{"start":{"line":27,"column":29},"end":{"line":27,"column":32}},"loc":{"start":{"line":27,"column":34},"end":{"line":29,"column":1}}}},"branchMap":{"0":{"loc":{"start":{"line":14,"column":4},"end":{"line":20,"column":null}},"type":"if","locations":[{"start":{"line":14,"column":4},"end":{"line":20,"column":null}}]}},"s":{"0":1,"1":1,"2":1,"3":1,"4":1,"5":1,"6":1,"7":1,"8":1,"9":0,"10":0,"11":0,"12":1,"13":1,"14":1},"f":{"0":0,"1":1},"b":{"0":[0]}}
,"E:\\Projects\\estoqueFast\\backend\\src\\controllers\\category\\createCategoryController.ts": {"path":"E:\\Projects\\estoqueFast\\backend\\src\\controllers\\category\\createCategoryController.ts","statementMap":{"0":{"start":{"line":4,"column":0},"end":{"line":4,"column":86}},"1":{"start":{"line":8,"column":32},"end":{"line":8,"column":59}},"2":{"start":{"line":9,"column":25},"end":{"line":9,"column":33}},"3":{"start":{"line":11,"column":25},"end":{"line":11,"column":64}},"4":{"start":{"line":13,"column":8},"end":{"line":13,"column":null}},"5":{"start":{"line":16,"column":9},"end":{"line":16,"column":33}}},"fnMap":{"0":{"name":"(anonymous_7)","decl":{"start":{"line":7,"column":10},"end":{"line":7,"column":16}},"loc":{"start":{"line":7,"column":44},"end":{"line":14,"column":null}}}},"branchMap":{},"s":{"0":1,"1":0,"2":0,"3":0,"4":0,"5":1},"f":{"0":0},"b":{}}
,"E:\\Projects\\estoqueFast\\backend\\src\\controllers\\category\\loadCategoryController.ts": {"path":"E:\\Projects\\estoqueFast\\backend\\src\\controllers\\category\\loadCategoryController.ts","statementMap":{"0":{"start":{"line":1,"column":0},"end":{"line":1,"column":81}},"1":{"start":{"line":6,"column":31},"end":{"line":6,"column":55}},"2":{"start":{"line":7,"column":29},"end":{"line":7,"column":59}},"3":{"start":{"line":9,"column":8},"end":{"line":9,"column":38}},"4":{"start":{"line":13,"column":9},"end":{"line":13,"column":31}}},"fnMap":{"0":{"name":"(anonymous_7)","decl":{"start":{"line":5,"column":10},"end":{"line":5,"column":16}},"loc":{"start":{"line":5,"column":44},"end":{"line":10,"column":null}}}},"branchMap":{},"s":{"0":1,"1":0,"2":0,"3":0,"4":1},"f":{"0":0},"b":{}}
,"E:\\Projects\\estoqueFast\\backend\\src\\controllers\\finalcial\\financialController.ts": {"path":"E:\\Projects\\estoqueFast\\backend\\src\\controllers\\finalcial\\financialController.ts","statementMap":{"0":{"start":{"line":2,"column":0},"end":{"line":2,"column":77}},"1":{"start":{"line":6,"column":29},"end":{"line":6,"column":51}},"2":{"start":{"line":8,"column":45},"end":{"line":8,"column":53}},"3":{"start":{"line":10,"column":26},"end":{"line":13,"column":10}},"4":{"start":{"line":16,"column":8},"end":{"line":16,"column":null}},"5":{"start":{"line":4,"column":0},"end":{"line":4,"column":13}}},"fnMap":{"0":{"name":"(anonymous_7)","decl":{"start":{"line":5,"column":10},"end":{"line":5,"column":16}},"loc":{"start":{"line":5,"column":44},"end":{"line":18,"column":null}}}},"branchMap":{},"s":{"0":1,"1":0,"2":0,"3":0,"4":0,"5":1},"f":{"0":0},"b":{}}
,"E:\\Projects\\estoqueFast\\backend\\src\\controllers\\product\\DeleteProductByIdProduct.ts": {"path":"E:\\Projects\\estoqueFast\\backend\\src\\controllers\\product\\DeleteProductByIdProduct.ts","statementMap":{"0":{"start":{"line":3,"column":0},"end":{"line":3,"column":91}},"1":{"start":{"line":7,"column":28},"end":{"line":7,"column":58}},"2":{"start":{"line":9,"column":27},"end":{"line":9,"column":68}},"3":{"start":{"line":11,"column":8},"end":{"line":11,"column":null}},"4":{"start":{"line":13,"column":8},"end":{"line":15,"column":null}},"5":{"start":{"line":5,"column":0},"end":{"line":5,"column":13}}},"fnMap":{"0":{"name":"(anonymous_7)","decl":{"start":{"line":6,"column":10},"end":{"line":6,"column":16}},"loc":{"start":{"line":6,"column":44},"end":{"line":16,"column":null}}}},"branchMap":{},"s":{"0":1,"1":0,"2":0,"3":0,"4":0,"5":1},"f":{"0":0},"b":{}}
,"E:\\Projects\\estoqueFast\\backend\\src\\controllers\\product\\NewProductController.ts": {"path":"E:\\Projects\\estoqueFast\\backend\\src\\controllers\\product\\NewProductController.ts","statementMap":{"0":{"start":{"line":2,"column":0},"end":{"line":2,"column":77}},"1":{"start":{"line":6,"column":31},"end":{"line":6,"column":54}},"2":{"start":{"line":8,"column":77},"end":{"line":8,"column":85}},"3":{"start":{"line":9,"column":24},"end":{"line":17,"column":10}},"4":{"start":{"line":19,"column":8},"end":{"line":19,"column":null}},"5":{"start":{"line":23,"column":9},"end":{"line":23,"column":29}}},"fnMap":{"0":{"name":"(anonymous_7)","decl":{"start":{"line":5,"column":10},"end":{"line":5,"column":16}},"loc":{"start":{"line":5,"column":44},"end":{"line":20,"column":null}}}},"branchMap":{},"s":{"0":1,"1":0,"2":0,"3":0,"4":0,"5":1},"f":{"0":0},"b":{}}
,"E:\\Projects\\estoqueFast\\backend\\src\\controllers\\product\\PaginationProductController.ts": {"path":"E:\\Projects\\estoqueFast\\backend\\src\\controllers\\product\\PaginationProductController.ts","statementMap":{"0":{"start":{"line":2,"column":0},"end":{"line":2,"column":91}},"1":{"start":{"line":6,"column":24},"end":{"line":6,"column":54}},"2":{"start":{"line":8,"column":21},"end":{"line":8,"column":56}},"3":{"start":{"line":9,"column":21},"end":{"line":9,"column":56}},"4":{"start":{"line":10,"column":24},"end":{"line":10,"column":51}},"5":{"start":{"line":12,"column":34},"end":{"line":16,"column":10}},"6":{"start":{"line":18,"column":8},"end":{"line":18,"column":null}},"7":{"start":{"line":22,"column":9},"end":{"line":22,"column":36}}},"fnMap":{"0":{"name":"(anonymous_7)","decl":{"start":{"line":5,"column":10},"end":{"line":5,"column":16}},"loc":{"start":{"line":5,"column":44},"end":{"line":19,"column":null}}}},"branchMap":{},"s":{"0":1,"1":0,"2":0,"3":0,"4":0,"5":0,"6":0,"7":1},"f":{"0":0},"b":{}}
,"E:\\Projects\\estoqueFast\\backend\\src\\controllers\\product\\UpdateProductController.ts": {"path":"E:\\Projects\\estoqueFast\\backend\\src\\controllers\\product\\UpdateProductController.ts","statementMap":{"0":{"start":{"line":2,"column":0},"end":{"line":2,"column":83}},"1":{"start":{"line":6,"column":26},"end":{"line":6,"column":52}},"2":{"start":{"line":13,"column":12},"end":{"line":13,"column":20}},"3":{"start":{"line":15,"column":27},"end":{"line":15,"column":68}},"4":{"start":{"line":17,"column":8},"end":{"line":23,"column":null}},"5":{"start":{"line":25,"column":8},"end":{"line":27,"column":null}},"6":{"start":{"line":31,"column":9},"end":{"line":31,"column":32}}},"fnMap":{"0":{"name":"(anonymous_7)","decl":{"start":{"line":5,"column":10},"end":{"line":5,"column":16}},"loc":{"start":{"line":5,"column":44},"end":{"line":28,"column":null}}}},"branchMap":{},"s":{"0":1,"1":0,"2":0,"3":0,"4":0,"5":0,"6":1},"f":{"0":0},"b":{}}
,"E:\\Projects\\estoqueFast\\backend\\src\\controllers\\product_entry\\productEntryController.ts": {"path":"E:\\Projects\\estoqueFast\\backend\\src\\controllers\\product_entry\\productEntryController.ts","statementMap":{"0":{"start":{"line":2,"column":0},"end":{"line":2,"column":87}},"1":{"start":{"line":6,"column":28},"end":{"line":6,"column":53}},"2":{"start":{"line":8,"column":63},"end":{"line":8,"column":71}},"3":{"start":{"line":12,"column":8},"end":{"line":17,"column":null}},"4":{"start":{"line":19,"column":8},"end":{"line":21,"column":null}},"5":{"start":{"line":4,"column":0},"end":{"line":4,"column":13}}},"fnMap":{"0":{"name":"(anonymous_7)","decl":{"start":{"line":5,"column":10},"end":{"line":5,"column":16}},"loc":{"start":{"line":5,"column":44},"end":{"line":22,"column":null}}}},"branchMap":{},"s":{"0":1,"1":0,"2":0,"3":0,"4":0,"5":1},"f":{"0":0},"b":{}}
,"E:\\Projects\\estoqueFast\\backend\\src\\controllers\\sale_now\\LoadSaleHoursController.ts": {"path":"E:\\Projects\\estoqueFast\\backend\\src\\controllers\\sale_now\\LoadSaleHoursController.ts","statementMap":{"0":{"start":{"line":2,"column":0},"end":{"line":2,"column":94}},"1":{"start":{"line":6,"column":32},"end":{"line":6,"column":63}},"2":{"start":{"line":8,"column":28},"end":{"line":8,"column":59}},"3":{"start":{"line":9,"column":26},"end":{"line":9,"column":55}},"4":{"start":{"line":10,"column":26},"end":{"line":10,"column":55}},"5":{"start":{"line":13,"column":26},"end":{"line":13,"column":94}},"6":{"start":{"line":15,"column":26},"end":{"line":17,"column":null}},"7":{"start":{"line":19,"column":8},"end":{"line":19,"column":35}},"8":{"start":{"line":24,"column":9},"end":{"line":24,"column":32}}},"fnMap":{"0":{"name":"(anonymous_7)","decl":{"start":{"line":5,"column":10},"end":{"line":5,"column":16}},"loc":{"start":{"line":5,"column":44},"end":{"line":21,"column":null}}}},"branchMap":{},"s":{"0":1,"1":0,"2":0,"3":0,"4":0,"5":0,"6":0,"7":0,"8":1},"f":{"0":0},"b":{}}
,"E:\\Projects\\estoqueFast\\backend\\src\\controllers\\sale_now\\LoadSaleMounthsController.ts": {"path":"E:\\Projects\\estoqueFast\\backend\\src\\controllers\\sale_now\\LoadSaleMounthsController.ts","statementMap":{"0":{"start":{"line":2,"column":0},"end":{"line":2,"column":88}},"1":{"start":{"line":6,"column":32},"end":{"line":6,"column":58}},"2":{"start":{"line":8,"column":22},"end":{"line":8,"column":47}},"3":{"start":{"line":10,"column":26},"end":{"line":10,"column":66}},"4":{"start":{"line":12,"column":24},"end":{"line":14,"column":null}},"5":{"start":{"line":17,"column":8},"end":{"line":17,"column":33}},"6":{"start":{"line":21,"column":9},"end":{"line":21,"column":34}}},"fnMap":{"0":{"name":"(anonymous_7)","decl":{"start":{"line":5,"column":10},"end":{"line":5,"column":16}},"loc":{"start":{"line":5,"column":44},"end":{"line":18,"column":null}}}},"branchMap":{},"s":{"0":1,"1":0,"2":0,"3":0,"4":0,"5":0,"6":1},"f":{"0":0},"b":{}}
,"E:\\Projects\\estoqueFast\\backend\\src\\controllers\\sale_now\\cancelSaleController.ts": {"path":"E:\\Projects\\estoqueFast\\backend\\src\\controllers\\sale_now\\cancelSaleController.ts","statementMap":{"0":{"start":{"line":2,"column":0},"end":{"line":2,"column":78}},"1":{"start":{"line":10,"column":28},"end":{"line":10,"column":51}},"2":{"start":{"line":11,"column":24},"end":{"line":11,"column":62}},"3":{"start":{"line":13,"column":8},"end":{"line":15,"column":null}},"4":{"start":{"line":17,"column":8},"end":{"line":19,"column":null}},"5":{"start":{"line":4,"column":0},"end":{"line":4,"column":13}}},"fnMap":{"0":{"name":"(anonymous_7)","decl":{"start":{"line":8,"column":10},"end":{"line":8,"column":16}},"loc":{"start":{"line":8,"column":44},"end":{"line":20,"column":null}}}},"branchMap":{},"s":{"0":1,"1":0,"2":0,"3":0,"4":0,"5":1},"f":{"0":0},"b":{}}
,"E:\\Projects\\estoqueFast\\backend\\src\\controllers\\sale_now\\sales_now_controller.ts": {"path":"E:\\Projects\\estoqueFast\\backend\\src\\controllers\\sale_now\\sales_now_controller.ts","statementMap":{"0":{"start":{"line":2,"column":0},"end":{"line":2,"column":76}},"1":{"start":{"line":7,"column":29},"end":{"line":7,"column":50}},"2":{"start":{"line":9,"column":103},"end":{"line":9,"column":111}},"3":{"start":{"line":11,"column":25},"end":{"line":13,"column":10}},"4":{"start":{"line":15,"column":8},"end":{"line":15,"column":null}},"5":{"start":{"line":4,"column":0},"end":{"line":4,"column":13}}},"fnMap":{"0":{"name":"(anonymous_7)","decl":{"start":{"line":5,"column":10},"end":{"line":5,"column":16}},"loc":{"start":{"line":5,"column":44},"end":{"line":17,"column":null}}}},"branchMap":{},"s":{"0":1,"1":0,"2":0,"3":0,"4":0,"5":1},"f":{"0":0},"b":{}}
,"E:\\Projects\\estoqueFast\\backend\\src\\controllers\\sale_now\\topTreeProductSaleController.ts": {"path":"E:\\Projects\\estoqueFast\\backend\\src\\controllers\\sale_now\\topTreeProductSaleController.ts","statementMap":{"0":{"start":{"line":2,"column":0},"end":{"line":2,"column":94}},"1":{"start":{"line":8,"column":27},"end":{"line":8,"column":58}},"2":{"start":{"line":10,"column":28},"end":{"line":10,"column":54}},"3":{"start":{"line":13,"column":8},"end":{"line":13,"column":null}},"4":{"start":{"line":5,"column":0},"end":{"line":5,"column":13}}},"fnMap":{"0":{"name":"(anonymous_7)","decl":{"start":{"line":6,"column":10},"end":{"line":6,"column":16}},"loc":{"start":{"line":6,"column":44},"end":{"line":14,"column":null}}}},"branchMap":{},"s":{"0":1,"1":0,"2":0,"3":0,"4":1},"f":{"0":0},"b":{}}
,"E:\\Projects\\estoqueFast\\backend\\src\\controllers\\size\\LoadSizeByCategoryController.ts": {"path":"E:\\Projects\\estoqueFast\\backend\\src\\controllers\\size\\LoadSizeByCategoryController.ts","statementMap":{"0":{"start":{"line":2,"column":0},"end":{"line":2,"column":90}},"1":{"start":{"line":7,"column":28},"end":{"line":7,"column":59}},"2":{"start":{"line":9,"column":28},"end":{"line":9,"column":70}},"3":{"start":{"line":12,"column":21},"end":{"line":14,"column":10}},"4":{"start":{"line":16,"column":8},"end":{"line":16,"column":null}},"5":{"start":{"line":4,"column":0},"end":{"line":4,"column":13}}},"fnMap":{"0":{"name":"(anonymous_7)","decl":{"start":{"line":5,"column":10},"end":{"line":5,"column":16}},"loc":{"start":{"line":5,"column":44},"end":{"line":17,"column":null}}}},"branchMap":{},"s":{"0":1,"1":0,"2":0,"3":0,"4":0,"5":1},"f":{"0":0},"b":{}}
,"E:\\Projects\\estoqueFast\\backend\\src\\controllers\\size\\NewSizeCategoryController.ts": {"path":"E:\\Projects\\estoqueFast\\backend\\src\\controllers\\size\\NewSizeCategoryController.ts","statementMap":{"0":{"start":{"line":1,"column":0},"end":{"line":1,"column":84}},"1":{"start":{"line":7,"column":28},"end":{"line":7,"column":56}},"2":{"start":{"line":9,"column":45},"end":{"line":9,"column":53}},"3":{"start":{"line":11,"column":27},"end":{"line":15,"column":10}},"4":{"start":{"line":17,"column":8},"end":{"line":17,"column":null}},"5":{"start":{"line":21,"column":9},"end":{"line":21,"column":34}}},"fnMap":{"0":{"name":"(anonymous_7)","decl":{"start":{"line":6,"column":10},"end":{"line":6,"column":16}},"loc":{"start":{"line":6,"column":44},"end":{"line":18,"column":null}}}},"branchMap":{},"s":{"0":1,"1":0,"2":0,"3":0,"4":0,"5":1},"f":{"0":0},"b":{}}
,"E:\\Projects\\estoqueFast\\backend\\src\\controllers\\user\\AuthController.ts": {"path":"E:\\Projects\\estoqueFast\\backend\\src\\controllers\\user\\AuthController.ts","statementMap":{"0":{"start":{"line":2,"column":0},"end":{"line":2,"column":70}},"1":{"start":{"line":6,"column":34},"end":{"line":6,"column":42}},"2":{"start":{"line":7,"column":22},"end":{"line":7,"column":43}},"3":{"start":{"line":9,"column":25},"end":{"line":12,"column":10}},"4":{"start":{"line":14,"column":8},"end":{"line":14,"column":null}},"5":{"start":{"line":18,"column":8},"end":{"line":18,"column":22}}},"fnMap":{"0":{"name":"(anonymous_7)","decl":{"start":{"line":5,"column":10},"end":{"line":5,"column":16}},"loc":{"start":{"line":5,"column":42},"end":{"line":15,"column":null}}}},"branchMap":{},"s":{"0":1,"1":0,"2":0,"3":0,"4":0,"5":1},"f":{"0":0},"b":{}}
,"E:\\Projects\\estoqueFast\\backend\\src\\controllers\\user\\CreateUserController.ts": {"path":"E:\\Projects\\estoqueFast\\backend\\src\\controllers\\user\\CreateUserController.ts","statementMap":{"0":{"start":{"line":2,"column":0},"end":{"line":2,"column":74}},"1":{"start":{"line":6,"column":42},"end":{"line":6,"column":50}},"2":{"start":{"line":7,"column":27},"end":{"line":7,"column":50}},"3":{"start":{"line":9,"column":21},"end":{"line":9,"column":72}},"4":{"start":{"line":11,"column":8},"end":{"line":11,"column":null}},"5":{"start":{"line":16,"column":9},"end":{"line":16,"column":29}}},"fnMap":{"0":{"name":"(anonymous_7)","decl":{"start":{"line":5,"column":10},"end":{"line":5,"column":16}},"loc":{"start":{"line":5,"column":44},"end":{"line":12,"column":null}}}},"branchMap":{},"s":{"0":1,"1":1,"2":1,"3":1,"4":1,"5":1},"f":{"0":1},"b":{}}
,"E:\\Projects\\estoqueFast\\backend\\src\\controllers\\user\\DetailUserController.ts": {"path":"E:\\Projects\\estoqueFast\\backend\\src\\controllers\\user\\DetailUserController.ts","statementMap":{"0":{"start":{"line":2,"column":0},"end":{"line":2,"column":74}},"1":{"start":{"line":6,"column":24},"end":{"line":6,"column":49}},"2":{"start":{"line":8,"column":34},"end":{"line":8,"column":57}},"3":{"start":{"line":9,"column":23},"end":{"line":9,"column":74}},"4":{"start":{"line":11,"column":8},"end":{"line":11,"column":null}},"5":{"start":{"line":15,"column":9},"end":{"line":15,"column":29}}},"fnMap":{"0":{"name":"(anonymous_7)","decl":{"start":{"line":5,"column":10},"end":{"line":5,"column":16}},"loc":{"start":{"line":5,"column":44},"end":{"line":12,"column":null}}}},"branchMap":{},"s":{"0":1,"1":0,"2":0,"3":0,"4":0,"5":1},"f":{"0":0},"b":{}}
,"E:\\Projects\\estoqueFast\\backend\\src\\middlewares\\isAuthenticated.ts": {"path":"E:\\Projects\\estoqueFast\\backend\\src\\middlewares\\isAuthenticated.ts","statementMap":{"0":{"start":{"line":2,"column":0},"end":{"line":2,"column":37}},"1":{"start":{"line":11,"column":22},"end":{"line":11,"column":47}},"2":{"start":{"line":13,"column":4},"end":{"line":16,"column":null}},"3":{"start":{"line":15,"column":8},"end":{"line":15,"column":37}},"4":{"start":{"line":19,"column":22},"end":{"line":19,"column":42}},"5":{"start":{"line":21,"column":4},"end":{"line":35,"column":null}},"6":{"start":{"line":23,"column":24},"end":{"line":25,"column":null}},"7":{"start":{"line":28,"column":22},"end":{"line":28,"column":39}},"8":{"start":{"line":29,"column":8},"end":{"line":29,"column":22}},"9":{"start":{"line":34,"column":8},"end":{"line":34,"column":37}},"10":{"start":{"line":38,"column":4},"end":{"line":38,"column":18}},"11":{"start":{"line":8,"column":0},"end":{"line":8,"column":16}}},"fnMap":{"0":{"name":"isAuthenticated","decl":{"start":{"line":8,"column":16},"end":{"line":8,"column":31}},"loc":{"start":{"line":8,"column":79},"end":{"line":39,"column":1}}}},"branchMap":{"0":{"loc":{"start":{"line":13,"column":4},"end":{"line":16,"column":null}},"type":"if","locations":[{"start":{"line":13,"column":4},"end":{"line":16,"column":null}}]}},"s":{"0":1,"1":0,"2":0,"3":0,"4":0,"5":0,"6":0,"7":0,"8":0,"9":0,"10":0,"11":1},"f":{"0":0},"b":{"0":[0]}}
,"E:\\Projects\\estoqueFast\\backend\\src\\prisma\\index.ts": {"path":"E:\\Projects\\estoqueFast\\backend\\src\\prisma\\index.ts","statementMap":{"0":{"start":{"line":1,"column":0},"end":{"line":1,"column":45}},"1":{"start":{"line":3,"column":21},"end":{"line":3,"column":39}},"2":{"start":{"line":5,"column":0},"end":{"line":5,"column":28}}},"fnMap":{},"branchMap":{},"s":{"0":1,"1":1,"2":1},"f":{},"b":{}}
,"E:\\Projects\\estoqueFast\\backend\\src\\services\\category\\createCategoryService.ts": {"path":"E:\\Projects\\estoqueFast\\backend\\src\\services\\category\\createCategoryService.ts","statementMap":{"0":{"start":{"line":1,"column":0},"end":{"line":1,"column":40}},"1":{"start":{"line":10,"column":30},"end":{"line":15,"column":10}},"2":{"start":{"line":18,"column":8},"end":{"line":20,"column":null}},"3":{"start":{"line":19,"column":12},"end":{"line":19,"column":null}},"4":{"start":{"line":22,"column":8},"end":{"line":24,"column":null}},"5":{"start":{"line":23,"column":12},"end":{"line":23,"column":null}},"6":{"start":{"line":26,"column":25},"end":{"line":34,"column":10}},"7":{"start":{"line":35,"column":8},"end":{"line":35,"column":24}},"8":{"start":{"line":39,"column":9},"end":{"line":39,"column":30}}},"fnMap":{"0":{"name":"(anonymous_8)","decl":{"start":{"line":8,"column":10},"end":{"line":8,"column":17}},"loc":{"start":{"line":8,"column":43},"end":{"line":36,"column":null}}}},"branchMap":{"0":{"loc":{"start":{"line":18,"column":8},"end":{"line":20,"column":null}},"type":"if","locations":[{"start":{"line":18,"column":8},"end":{"line":20,"column":null}}]},"1":{"loc":{"start":{"line":22,"column":8},"end":{"line":24,"column":null}},"type":"if","locations":[{"start":{"line":22,"column":8},"end":{"line":24,"column":null}}]}},"s":{"0":1,"1":0,"2":0,"3":0,"4":0,"5":0,"6":0,"7":0,"8":1},"f":{"0":0},"b":{"0":[0],"1":[0]}}
,"E:\\Projects\\estoqueFast\\backend\\src\\services\\category\\loadCategoryService.ts": {"path":"E:\\Projects\\estoqueFast\\backend\\src\\services\\category\\loadCategoryService.ts","statementMap":{"0":{"start":{"line":3,"column":0},"end":{"line":3,"column":40}},"1":{"start":{"line":8,"column":24},"end":{"line":14,"column":10}},"2":{"start":{"line":15,"column":8},"end":{"line":15,"column":23}},"3":{"start":{"line":19,"column":9},"end":{"line":19,"column":27}}},"fnMap":{"0":{"name":"(anonymous_8)","decl":{"start":{"line":7,"column":10},"end":{"line":7,"column":17}},"loc":{"start":{"line":7,"column":17},"end":{"line":16,"column":null}}}},"branchMap":{},"s":{"0":1,"1":0,"2":0,"3":1},"f":{"0":0},"b":{}}
,"E:\\Projects\\estoqueFast\\backend\\src\\services\\financial\\financialService.ts": {"path":"E:\\Projects\\estoqueFast\\backend\\src\\services\\financial\\financialService.ts","statementMap":{"0":{"start":{"line":1,"column":0},"end":{"line":1,"column":40}},"1":{"start":{"line":2,"column":0},"end":{"line":2,"column":35}},"2":{"start":{"line":12,"column":8},"end":{"line":14,"column":null}},"3":{"start":{"line":13,"column":12},"end":{"line":13,"column":null}},"4":{"start":{"line":16,"column":25},"end":{"line":30,"column":10}},"5":{"start":{"line":32,"column":8},"end":{"line":32,"column":24}},"6":{"start":{"line":9,"column":0},"end":{"line":9,"column":13}}},"fnMap":{"0":{"name":"(anonymous_8)","decl":{"start":{"line":10,"column":10},"end":{"line":10,"column":17}},"loc":{"start":{"line":10,"column":64},"end":{"line":33,"column":null}}}},"branchMap":{"0":{"loc":{"start":{"line":12,"column":8},"end":{"line":14,"column":null}},"type":"if","locations":[{"start":{"line":12,"column":8},"end":{"line":14,"column":null}}]}},"s":{"0":1,"1":1,"2":0,"3":0,"4":0,"5":0,"6":1},"f":{"0":0},"b":{"0":[0]}}
,"E:\\Projects\\estoqueFast\\backend\\src\\services\\product\\DeleteProductByIdService.ts": {"path":"E:\\Projects\\estoqueFast\\backend\\src\\services\\product\\DeleteProductByIdService.ts","statementMap":{"0":{"start":{"line":1,"column":0},"end":{"line":1,"column":40}},"1":{"start":{"line":5,"column":24},"end":{"line":9,"column":10}},"2":{"start":{"line":11,"column":8},"end":{"line":11,"column":23}},"3":{"start":{"line":3,"column":0},"end":{"line":3,"column":13}}},"fnMap":{"0":{"name":"(anonymous_8)","decl":{"start":{"line":4,"column":10},"end":{"line":4,"column":17}},"loc":{"start":{"line":4,"column":36},"end":{"line":12,"column":null}}}},"branchMap":{},"s":{"0":1,"1":0,"2":0,"3":1},"f":{"0":0},"b":{}}
,"E:\\Projects\\estoqueFast\\backend\\src\\services\\product\\NewProductService.ts": {"path":"E:\\Projects\\estoqueFast\\backend\\src\\services\\product\\NewProductService.ts","statementMap":{"0":{"start":{"line":1,"column":0},"end":{"line":1,"column":40}},"1":{"start":{"line":17,"column":29},"end":{"line":23,"column":10}},"2":{"start":{"line":25,"column":8},"end":{"line":27,"column":null}},"3":{"start":{"line":26,"column":12},"end":{"line":26,"column":null}},"4":{"start":{"line":29,"column":8},"end":{"line":31,"column":null}},"5":{"start":{"line":30,"column":12},"end":{"line":30,"column":null}},"6":{"start":{"line":33,"column":25},"end":{"line":43,"column":10}},"7":{"start":{"line":44,"column":8},"end":{"line":44,"column":24}},"8":{"start":{"line":48,"column":9},"end":{"line":48,"column":26}}},"fnMap":{"0":{"name":"(anonymous_8)","decl":{"start":{"line":15,"column":10},"end":{"line":15,"column":17}},"loc":{"start":{"line":15,"column":95},"end":{"line":45,"column":null}}}},"branchMap":{"0":{"loc":{"start":{"line":25,"column":8},"end":{"line":27,"column":null}},"type":"if","locations":[{"start":{"line":25,"column":8},"end":{"line":27,"column":null}}]},"1":{"loc":{"start":{"line":25,"column":11},"end":{"line":25,"column":56}},"type":"binary-expr","locations":[{"start":{"line":25,"column":11},"end":{"line":25,"column":22}},{"start":{"line":25,"column":26},"end":{"line":25,"column":40}},{"start":{"line":25,"column":44},"end":{"line":25,"column":56}}]},"2":{"loc":{"start":{"line":29,"column":8},"end":{"line":31,"column":null}},"type":"if","locations":[{"start":{"line":29,"column":8},"end":{"line":31,"column":null}}]}},"s":{"0":1,"1":0,"2":0,"3":0,"4":0,"5":0,"6":0,"7":0,"8":1},"f":{"0":0},"b":{"0":[0],"1":[0,0,0],"2":[0]}}
,"E:\\Projects\\estoqueFast\\backend\\src\\services\\product\\PaginationProductService.ts": {"path":"E:\\Projects\\estoqueFast\\backend\\src\\services\\product\\PaginationProductService.ts","statementMap":{"0":{"start":{"line":1,"column":0},"end":{"line":1,"column":40}},"1":{"start":{"line":11,"column":27},"end":{"line":26,"column":10}},"2":{"start":{"line":27,"column":8},"end":{"line":27,"column":26}},"3":{"start":{"line":31,"column":9},"end":{"line":31,"column":33}}},"fnMap":{"0":{"name":"(anonymous_8)","decl":{"start":{"line":10,"column":10},"end":{"line":10,"column":17}},"loc":{"start":{"line":10,"column":60},"end":{"line":28,"column":null}}}},"branchMap":{},"s":{"0":1,"1":0,"2":0,"3":1},"f":{"0":0},"b":{}}
,"E:\\Projects\\estoqueFast\\backend\\src\\services\\product\\UpdateProductService.ts": {"path":"E:\\Projects\\estoqueFast\\backend\\src\\services\\product\\UpdateProductService.ts","statementMap":{"0":{"start":{"line":1,"column":0},"end":{"line":1,"column":40}},"1":{"start":{"line":13,"column":26},"end":{"line":23,"column":10}},"2":{"start":{"line":25,"column":8},"end":{"line":25,"column":25}},"3":{"start":{"line":29,"column":9},"end":{"line":29,"column":29}}},"fnMap":{"0":{"name":"(anonymous_8)","decl":{"start":{"line":12,"column":10},"end":{"line":12,"column":17}},"loc":{"start":{"line":12,"column":82},"end":{"line":26,"column":null}}}},"branchMap":{},"s":{"0":1,"1":0,"2":0,"3":1},"f":{"0":0},"b":{}}
,"E:\\Projects\\estoqueFast\\backend\\src\\services\\product_entry\\productEntryService.ts": {"path":"E:\\Projects\\estoqueFast\\backend\\src\\services\\product_entry\\productEntryService.ts","statementMap":{"0":{"start":{"line":1,"column":0},"end":{"line":1,"column":40}},"1":{"start":{"line":14,"column":25},"end":{"line":18,"column":10}},"2":{"start":{"line":21,"column":36},"end":{"line":28,"column":10}},"3":{"start":{"line":30,"column":8},"end":{"line":37,"column":null}},"4":{"start":{"line":39,"column":8},"end":{"line":39,"column":35}},"5":{"start":{"line":10,"column":0},"end":{"line":10,"column":13}}},"fnMap":{"0":{"name":"(anonymous_8)","decl":{"start":{"line":11,"column":10},"end":{"line":11,"column":17}},"loc":{"start":{"line":11,"column":80},"end":{"line":40,"column":null}}}},"branchMap":{},"s":{"0":1,"1":0,"2":0,"3":0,"4":0,"5":1},"f":{"0":0},"b":{}}
,"E:\\Projects\\estoqueFast\\backend\\src\\services\\sale_now\\cancelSaleService.ts": {"path":"E:\\Projects\\estoqueFast\\backend\\src\\services\\sale_now\\cancelSaleService.ts","statementMap":{"0":{"start":{"line":1,"column":0},"end":{"line":1,"column":40}},"1":{"start":{"line":9,"column":27},"end":{"line":13,"column":10}},"2":{"start":{"line":15,"column":8},"end":{"line":15,"column":26}},"3":{"start":{"line":7,"column":0},"end":{"line":7,"column":13}}},"fnMap":{"0":{"name":"(anonymous_8)","decl":{"start":{"line":8,"column":10},"end":{"line":8,"column":17}},"loc":{"start":{"line":8,"column":48},"end":{"line":16,"column":null}}}},"branchMap":{},"s":{"0":1,"1":0,"2":0,"3":1},"f":{"0":0},"b":{}}
,"E:\\Projects\\estoqueFast\\backend\\src\\services\\sale_now\\loadSalePriceHoursService.ts": {"path":"E:\\Projects\\estoqueFast\\backend\\src\\services\\sale_now\\loadSalePriceHoursService.ts","statementMap":{"0":{"start":{"line":1,"column":0},"end":{"line":1,"column":40}},"1":{"start":{"line":2,"column":0},"end":{"line":2,"column":45}},"2":{"start":{"line":13,"column":25},"end":{"line":32,"column":10}},"3":{"start":{"line":35,"column":27},"end":{"line":35,"column":61}},"4":{"start":{"line":35,"column":50},"end":{"line":35,"column":60}},"5":{"start":{"line":36,"column":20},"end":{"line":36,"column":93}},"6":{"start":{"line":36,"column":62},"end":{"line":36,"column":89}},"7":{"start":{"line":38,"column":8},"end":{"line":38,"column":19}},"8":{"start":{"line":42,"column":9},"end":{"line":42,"column":34}}},"fnMap":{"0":{"name":"(anonymous_8)","decl":{"start":{"line":11,"column":10},"end":{"line":11,"column":17}},"loc":{"start":{"line":11,"column":66},"end":{"line":39,"column":null}}},"1":{"name":"(anonymous_10)","decl":{"start":{"line":35,"column":40},"end":{"line":35,"column":41}},"loc":{"start":{"line":35,"column":50},"end":{"line":35,"column":60}}},"2":{"name":"(anonymous_11)","decl":{"start":{"line":36,"column":38},"end":{"line":36,"column":39}},"loc":{"start":{"line":36,"column":62},"end":{"line":36,"column":89}}}},"branchMap":{},"s":{"0":1,"1":1,"2":0,"3":0,"4":0,"5":0,"6":0,"7":0,"8":1},"f":{"0":0,"1":0,"2":0},"b":{}}
,"E:\\Projects\\estoqueFast\\backend\\src\\services\\sale_now\\loadSalePriceMonthSevice.ts": {"path":"E:\\Projects\\estoqueFast\\backend\\src\\services\\sale_now\\loadSalePriceMonthSevice.ts","statementMap":{"0":{"start":{"line":1,"column":0},"end":{"line":1,"column":40}},"1":{"start":{"line":10,"column":25},"end":{"line":20,"column":10}},"2":{"start":{"line":23,"column":27},"end":{"line":23,"column":61}},"3":{"start":{"line":23,"column":50},"end":{"line":23,"column":60}},"4":{"start":{"line":24,"column":20},"end":{"line":24,"column":93}},"5":{"start":{"line":24,"column":62},"end":{"line":24,"column":89}},"6":{"start":{"line":26,"column":8},"end":{"line":26,"column":19}},"7":{"start":{"line":29,"column":9},"end":{"line":29,"column":29}}},"fnMap":{"0":{"name":"(anonymous_8)","decl":{"start":{"line":9,"column":10},"end":{"line":9,"column":17}},"loc":{"start":{"line":9,"column":38},"end":{"line":27,"column":null}}},"1":{"name":"(anonymous_10)","decl":{"start":{"line":23,"column":40},"end":{"line":23,"column":41}},"loc":{"start":{"line":23,"column":50},"end":{"line":23,"column":60}}},"2":{"name":"(anonymous_11)","decl":{"start":{"line":24,"column":38},"end":{"line":24,"column":39}},"loc":{"start":{"line":24,"column":62},"end":{"line":24,"column":89}}}},"branchMap":{},"s":{"0":1,"1":0,"2":0,"3":0,"4":0,"5":0,"6":0,"7":1},"f":{"0":0,"1":0,"2":0},"b":{}}
,"E:\\Projects\\estoqueFast\\backend\\src\\services\\sale_now\\sales_now_service.ts": {"path":"E:\\Projects\\estoqueFast\\backend\\src\\services\\sale_now\\sales_now_service.ts","statementMap":{"0":{"start":{"line":1,"column":0},"end":{"line":1,"column":53}},"1":{"start":{"line":2,"column":0},"end":{"line":2,"column":39}},"2":{"start":{"line":3,"column":0},"end":{"line":3,"column":40}},"3":{"start":{"line":24,"column":25},"end":{"line":31,"column":10}},"4":{"start":{"line":33,"column":26},"end":{"line":38,"column":10}},"5":{"start":{"line":39,"column":8},"end":{"line":49,"column":null}},"6":{"start":{"line":40,"column":12},"end":{"line":48,"column":null}},"7":{"start":{"line":52,"column":22},"end":{"line":70,"column":10}},"8":{"start":{"line":73,"column":8},"end":{"line":80,"column":null}},"9":{"start":{"line":82,"column":8},"end":{"line":82,"column":21}},"10":{"start":{"line":18,"column":0},"end":{"line":18,"column":13}}},"fnMap":{"0":{"name":"(anonymous_8)","decl":{"start":{"line":21,"column":10},"end":{"line":21,"column":17}},"loc":{"start":{"line":21,"column":114},"end":{"line":83,"column":null}}}},"branchMap":{"0":{"loc":{"start":{"line":39,"column":8},"end":{"line":49,"column":null}},"type":"if","locations":[{"start":{"line":39,"column":8},"end":{"line":49,"column":null}}]}},"s":{"0":1,"1":1,"2":1,"3":0,"4":0,"5":0,"6":0,"7":0,"8":0,"9":0,"10":1},"f":{"0":0},"b":{"0":[0]}}
,"E:\\Projects\\estoqueFast\\backend\\src\\services\\sale_now\\topTreeProductSaleService.ts": {"path":"E:\\Projects\\estoqueFast\\backend\\src\\services\\sale_now\\topTreeProductSaleService.ts","statementMap":{"0":{"start":{"line":1,"column":0},"end":{"line":1,"column":40}},"1":{"start":{"line":2,"column":0},"end":{"line":2,"column":34}},"2":{"start":{"line":3,"column":0},"end":{"line":3,"column":41}},"3":{"start":{"line":9,"column":27},"end":{"line":26,"column":10}},"4":{"start":{"line":28,"column":8},"end":{"line":28,"column":26}},"5":{"start":{"line":32,"column":9},"end":{"line":32,"column":34}}},"fnMap":{"0":{"name":"(anonymous_8)","decl":{"start":{"line":8,"column":10},"end":{"line":8,"column":17}},"loc":{"start":{"line":8,"column":17},"end":{"line":29,"column":null}}}},"branchMap":{},"s":{"0":1,"1":1,"2":1,"3":0,"4":0,"5":1},"f":{"0":0},"b":{}}
,"E:\\Projects\\estoqueFast\\backend\\src\\services\\size\\LoadSizeByCategoryService.ts": {"path":"E:\\Projects\\estoqueFast\\backend\\src\\services\\size\\LoadSizeByCategoryService.ts","statementMap":{"0":{"start":{"line":2,"column":0},"end":{"line":2,"column":40}},"1":{"start":{"line":10,"column":25},"end":{"line":17,"column":10}},"2":{"start":{"line":18,"column":8},"end":{"line":18,"column":24}},"3":{"start":{"line":8,"column":0},"end":{"line":8,"column":13}}},"fnMap":{"0":{"name":"(anonymous_8)","decl":{"start":{"line":9,"column":10},"end":{"line":9,"column":17}},"loc":{"start":{"line":9,"column":46},"end":{"line":19,"column":null}}}},"branchMap":{},"s":{"0":1,"1":0,"2":0,"3":1},"f":{"0":0},"b":{}}
,"E:\\Projects\\estoqueFast\\backend\\src\\services\\size\\NewSizeCategoryService.ts": {"path":"E:\\Projects\\estoqueFast\\backend\\src\\services\\size\\NewSizeCategoryService.ts","statementMap":{"0":{"start":{"line":2,"column":0},"end":{"line":2,"column":40}},"1":{"start":{"line":14,"column":27},"end":{"line":19,"column":10}},"2":{"start":{"line":21,"column":8},"end":{"line":23,"column":null}},"3":{"start":{"line":22,"column":12},"end":{"line":22,"column":null}},"4":{"start":{"line":25,"column":8},"end":{"line":27,"column":null}},"5":{"start":{"line":26,"column":12},"end":{"line":26,"column":null}},"6":{"start":{"line":29,"column":21},"end":{"line":35,"column":10}},"7":{"start":{"line":38,"column":8},"end":{"line":38,"column":20}},"8":{"start":{"line":42,"column":9},"end":{"line":42,"column":31}}},"fnMap":{"0":{"name":"(anonymous_8)","decl":{"start":{"line":12,"column":10},"end":{"line":12,"column":17}},"loc":{"start":{"line":12,"column":59},"end":{"line":39,"column":null}}}},"branchMap":{"0":{"loc":{"start":{"line":21,"column":8},"end":{"line":23,"column":null}},"type":"if","locations":[{"start":{"line":21,"column":8},"end":{"line":23,"column":null}}]},"1":{"loc":{"start":{"line":25,"column":8},"end":{"line":27,"column":null}},"type":"if","locations":[{"start":{"line":25,"column":8},"end":{"line":27,"column":null}}]},"2":{"loc":{"start":{"line":25,"column":12},"end":{"line":25,"column":64}},"type":"binary-expr","locations":[{"start":{"line":25,"column":12},"end":{"line":25,"column":23}},{"start":{"line":25,"column":27},"end":{"line":25,"column":41}},{"start":{"line":25,"column":45},"end":{"line":25,"column":64}}]}},"s":{"0":1,"1":0,"2":0,"3":0,"4":0,"5":0,"6":0,"7":0,"8":1},"f":{"0":0},"b":{"0":[0],"1":[0],"2":[0,0,0]}}
,"E:\\Projects\\estoqueFast\\backend\\src\\services\\user\\AuthUserService.ts": {"path":"E:\\Projects\\estoqueFast\\backend\\src\\services\\user\\AuthUserService.ts","statementMap":{"0":{"start":{"line":1,"column":0},"end":{"line":1,"column":39}},"1":{"start":{"line":2,"column":0},"end":{"line":2,"column":34}},"2":{"start":{"line":3,"column":0},"end":{"line":3,"column":35}},"3":{"start":{"line":14,"column":27},"end":{"line":18,"column":10}},"4":{"start":{"line":20,"column":8},"end":{"line":22,"column":null}},"5":{"start":{"line":21,"column":12},"end":{"line":21,"column":null}},"6":{"start":{"line":24,"column":30},"end":{"line":24,"column":74}},"7":{"start":{"line":26,"column":8},"end":{"line":28,"column":null}},"8":{"start":{"line":27,"column":12},"end":{"line":27,"column":null}},"9":{"start":{"line":31,"column":22},"end":{"line":40,"column":null}},"10":{"start":{"line":43,"column":8},"end":{"line":48,"column":null}},"11":{"start":{"line":52,"column":9},"end":{"line":52,"column":24}}},"fnMap":{"0":{"name":"(anonymous_8)","decl":{"start":{"line":11,"column":10},"end":{"line":11,"column":17}},"loc":{"start":{"line":11,"column":50},"end":{"line":49,"column":null}}}},"branchMap":{"0":{"loc":{"start":{"line":20,"column":8},"end":{"line":22,"column":null}},"type":"if","locations":[{"start":{"line":20,"column":8},"end":{"line":22,"column":null}}]},"1":{"loc":{"start":{"line":26,"column":8},"end":{"line":28,"column":null}},"type":"if","locations":[{"start":{"line":26,"column":8},"end":{"line":28,"column":null}}]}},"s":{"0":1,"1":1,"2":1,"3":0,"4":0,"5":0,"6":0,"7":0,"8":0,"9":0,"10":0,"11":1},"f":{"0":0},"b":{"0":[0],"1":[0]}}
,"E:\\Projects\\estoqueFast\\backend\\src\\services\\user\\CreateUserService.ts": {"path":"E:\\Projects\\estoqueFast\\backend\\src\\services\\user\\CreateUserService.ts","statementMap":{"0":{"start":{"line":1,"column":0},"end":{"line":1,"column":40}},"1":{"start":{"line":2,"column":0},"end":{"line":2,"column":29}},"2":{"start":{"line":13,"column":31},"end":{"line":17,"column":10}},"3":{"start":{"line":19,"column":8},"end":{"line":22,"column":null}},"4":{"start":{"line":20,"column":12},"end":{"line":20,"column":null}},"5":{"start":{"line":21,"column":12},"end":{"line":21,"column":19}},"6":{"start":{"line":25,"column":29},"end":{"line":25,"column":52}},"7":{"start":{"line":27,"column":27},"end":{"line":39,"column":10}},"8":{"start":{"line":40,"column":8},"end":{"line":40,"column":null}},"9":{"start":{"line":44,"column":9},"end":{"line":44,"column":26}}},"fnMap":{"0":{"name":"(anonymous_8)","decl":{"start":{"line":11,"column":10},"end":{"line":11,"column":17}},"loc":{"start":{"line":11,"column":56},"end":{"line":41,"column":null}}}},"branchMap":{"0":{"loc":{"start":{"line":19,"column":8},"end":{"line":22,"column":null}},"type":"if","locations":[{"start":{"line":19,"column":8},"end":{"line":22,"column":null}}]}},"s":{"0":1,"1":1,"2":1,"3":1,"4":0,"5":0,"6":1,"7":1,"8":1,"9":1},"f":{"0":1},"b":{"0":[0]}}
,"E:\\Projects\\estoqueFast\\backend\\src\\services\\user\\DetailUserService.ts": {"path":"E:\\Projects\\estoqueFast\\backend\\src\\services\\user\\DetailUserService.ts","statementMap":{"0":{"start":{"line":2,"column":0},"end":{"line":2,"column":40}},"1":{"start":{"line":8,"column":30},"end":{"line":12,"column":10}},"2":{"start":{"line":14,"column":8},"end":{"line":16,"column":null}},"3":{"start":{"line":15,"column":12},"end":{"line":15,"column":null}},"4":{"start":{"line":18,"column":27},"end":{"line":29,"column":10}},"5":{"start":{"line":30,"column":8},"end":{"line":30,"column":26}},"6":{"start":{"line":34,"column":9},"end":{"line":34,"column":26}}},"fnMap":{"0":{"name":"(anonymous_8)","decl":{"start":{"line":6,"column":10},"end":{"line":6,"column":17}},"loc":{"start":{"line":6,"column":33},"end":{"line":31,"column":null}}}},"branchMap":{"0":{"loc":{"start":{"line":14,"column":8},"end":{"line":16,"column":null}},"type":"if","locations":[{"start":{"line":14,"column":8},"end":{"line":16,"column":null}}]}},"s":{"0":1,"1":0,"2":0,"3":0,"4":0,"5":0,"6":1},"f":{"0":0},"b":{"0":[0]}}
}
