TN:
SF:src\routes.ts
FNF:0
FNH:0
DA:1,1
DA:3,1
DA:5,1
DA:6,1
DA:7,1
DA:9,1
DA:10,1
DA:12,1
DA:13,1
DA:15,1
DA:16,1
DA:17,1
DA:18,1
DA:20,1
DA:21,1
DA:22,1
DA:24,1
DA:26,1
DA:28,1
DA:29,1
DA:31,1
DA:34,1
DA:35,1
DA:36,1
DA:39,1
DA:40,1
DA:43,1
DA:44,1
DA:47,1
DA:48,1
DA:49,1
DA:50,1
DA:53,1
DA:54,1
DA:55,1
DA:56,1
DA:57,1
DA:61,1
DA:64,1
DA:67,1
LF:40
LH:40
BRF:0
BRH:0
end_of_record
TN:
SF:src\server.ts
FN:12,(anonymous_1)
FN:27,(anonymous_2)
FNF:2
FNH:1
FNDA:0,(anonymous_1)
FNDA:1,(anonymous_2)
DA:1,1
DA:2,1
DA:3,1
DA:4,1
DA:6,1
DA:7,1
DA:8,1
DA:10,1
DA:12,1
DA:14,0
DA:16,0
DA:21,0
DA:27,1
DA:28,1
DA:31,1
LF:15
LH:12
BRDA:14,0,0,0
BRF:1
BRH:0
end_of_record
TN:
SF:src\controllers\category\createCategoryController.ts
FN:7,(anonymous_7)
FNF:1
FNH:0
FNDA:0,(anonymous_7)
DA:4,1
DA:8,0
DA:9,0
DA:11,0
DA:13,0
DA:16,1
LF:6
LH:2
BRF:0
BRH:0
end_of_record
TN:
SF:src\controllers\category\loadCategoryController.ts
FN:5,(anonymous_7)
FNF:1
FNH:0
FNDA:0,(anonymous_7)
DA:1,1
DA:6,0
DA:7,0
DA:9,0
DA:13,1
LF:5
LH:2
BRF:0
BRH:0
end_of_record
TN:
SF:src\controllers\finalcial\financialController.ts
FN:5,(anonymous_7)
FNF:1
FNH:0
FNDA:0,(anonymous_7)
DA:2,1
DA:4,1
DA:6,0
DA:8,0
DA:10,0
DA:16,0
LF:6
LH:2
BRF:0
BRH:0
end_of_record
TN:
SF:src\controllers\product\DeleteProductByIdProduct.ts
FN:6,(anonymous_7)
FNF:1
FNH:0
FNDA:0,(anonymous_7)
DA:3,1
DA:5,1
DA:7,0
DA:9,0
DA:11,0
DA:13,0
LF:6
LH:2
BRF:0
BRH:0
end_of_record
TN:
SF:src\controllers\product\NewProductController.ts
FN:5,(anonymous_7)
FNF:1
FNH:0
FNDA:0,(anonymous_7)
DA:2,1
DA:6,0
DA:8,0
DA:9,0
DA:19,0
DA:23,1
LF:6
LH:2
BRF:0
BRH:0
end_of_record
TN:
SF:src\controllers\product\PaginationProductController.ts
FN:5,(anonymous_7)
FNF:1
FNH:0
FNDA:0,(anonymous_7)
DA:2,1
DA:6,0
DA:8,0
DA:9,0
DA:10,0
DA:12,0
DA:18,0
DA:22,1
LF:8
LH:2
BRF:0
BRH:0
end_of_record
TN:
SF:src\controllers\product\UpdateProductController.ts
FN:5,(anonymous_7)
FNF:1
FNH:0
FNDA:0,(anonymous_7)
DA:2,1
DA:6,0
DA:13,0
DA:15,0
DA:17,0
DA:25,0
DA:31,1
LF:7
LH:2
BRF:0
BRH:0
end_of_record
TN:
SF:src\controllers\product_entry\productEntryController.ts
FN:5,(anonymous_7)
FNF:1
FNH:0
FNDA:0,(anonymous_7)
DA:2,1
DA:4,1
DA:6,0
DA:8,0
DA:12,0
DA:19,0
LF:6
LH:2
BRF:0
BRH:0
end_of_record
TN:
SF:src\controllers\sale_now\LoadSaleHoursController.ts
FN:5,(anonymous_7)
FNF:1
FNH:0
FNDA:0,(anonymous_7)
DA:2,1
DA:6,0
DA:8,0
DA:9,0
DA:10,0
DA:13,0
DA:15,0
DA:19,0
DA:24,1
LF:9
LH:2
BRF:0
BRH:0
end_of_record
TN:
SF:src\controllers\sale_now\LoadSaleMounthsController.ts
FN:5,(anonymous_7)
FNF:1
FNH:0
FNDA:0,(anonymous_7)
DA:2,1
DA:6,0
DA:8,0
DA:10,0
DA:12,0
DA:17,0
DA:21,1
LF:7
LH:2
BRF:0
BRH:0
end_of_record
TN:
SF:src\controllers\sale_now\cancelSaleController.ts
FN:8,(anonymous_7)
FNF:1
FNH:0
FNDA:0,(anonymous_7)
DA:2,1
DA:4,1
DA:10,0
DA:11,0
DA:13,0
DA:17,0
LF:6
LH:2
BRF:0
BRH:0
end_of_record
TN:
SF:src\controllers\sale_now\sales_now_controller.ts
FN:5,(anonymous_7)
FNF:1
FNH:0
FNDA:0,(anonymous_7)
DA:2,1
DA:4,1
DA:7,0
DA:9,0
DA:11,0
DA:15,0
LF:6
LH:2
BRF:0
BRH:0
end_of_record
TN:
SF:src\controllers\sale_now\topTreeProductSaleController.ts
FN:6,(anonymous_7)
FNF:1
FNH:0
FNDA:0,(anonymous_7)
DA:2,1
DA:5,1
DA:8,0
DA:10,0
DA:13,0
LF:5
LH:2
BRF:0
BRH:0
end_of_record
TN:
SF:src\controllers\size\LoadSizeByCategoryController.ts
FN:5,(anonymous_7)
FNF:1
FNH:0
FNDA:0,(anonymous_7)
DA:2,1
DA:4,1
DA:7,0
DA:9,0
DA:12,0
DA:16,0
LF:6
LH:2
BRF:0
BRH:0
end_of_record
TN:
SF:src\controllers\size\NewSizeCategoryController.ts
FN:6,(anonymous_7)
FNF:1
FNH:0
FNDA:0,(anonymous_7)
DA:1,1
DA:7,0
DA:9,0
DA:11,0
DA:17,0
DA:21,1
LF:6
LH:2
BRF:0
BRH:0
end_of_record
TN:
SF:src\controllers\user\AuthController.ts
FN:5,(anonymous_7)
FNF:1
FNH:0
FNDA:0,(anonymous_7)
DA:2,1
DA:6,0
DA:7,0
DA:9,0
DA:14,0
DA:18,1
LF:6
LH:2
BRF:0
BRH:0
end_of_record
TN:
SF:src\controllers\user\CreateUserController.ts
FN:5,(anonymous_7)
FNF:1
FNH:1
FNDA:1,(anonymous_7)
DA:2,1
DA:6,1
DA:7,1
DA:9,1
DA:11,1
DA:16,1
LF:6
LH:6
BRF:0
BRH:0
end_of_record
TN:
SF:src\controllers\user\DetailUserController.ts
FN:5,(anonymous_7)
FNF:1
FNH:0
FNDA:0,(anonymous_7)
DA:2,1
DA:6,0
DA:8,0
DA:9,0
DA:11,0
DA:15,1
LF:6
LH:2
BRF:0
BRH:0
end_of_record
TN:
SF:src\middlewares\isAuthenticated.ts
FN:8,isAuthenticated
FNF:1
FNH:0
FNDA:0,isAuthenticated
DA:2,1
DA:8,1
DA:11,0
DA:13,0
DA:15,0
DA:19,0
DA:21,0
DA:23,0
DA:28,0
DA:29,0
DA:34,0
DA:38,0
LF:12
LH:2
BRDA:13,0,0,0
BRF:1
BRH:0
end_of_record
TN:
SF:src\prisma\index.ts
FNF:0
FNH:0
DA:1,1
DA:3,1
DA:5,1
LF:3
LH:3
BRF:0
BRH:0
end_of_record
TN:
SF:src\services\category\createCategoryService.ts
FN:8,(anonymous_8)
FNF:1
FNH:0
FNDA:0,(anonymous_8)
DA:1,1
DA:10,0
DA:18,0
DA:19,0
DA:22,0
DA:23,0
DA:26,0
DA:35,0
DA:39,1
LF:9
LH:2
BRDA:18,0,0,0
BRDA:22,1,0,0
BRF:2
BRH:0
end_of_record
TN:
SF:src\services\category\loadCategoryService.ts
FN:7,(anonymous_8)
FNF:1
FNH:0
FNDA:0,(anonymous_8)
DA:3,1
DA:8,0
DA:15,0
DA:19,1
LF:4
LH:2
BRF:0
BRH:0
end_of_record
TN:
SF:src\services\financial\financialService.ts
FN:10,(anonymous_8)
FNF:1
FNH:0
FNDA:0,(anonymous_8)
DA:1,1
DA:2,1
DA:9,1
DA:12,0
DA:13,0
DA:16,0
DA:32,0
LF:7
LH:3
BRDA:12,0,0,0
BRF:1
BRH:0
end_of_record
TN:
SF:src\services\product\DeleteProductByIdService.ts
FN:4,(anonymous_8)
FNF:1
FNH:0
FNDA:0,(anonymous_8)
DA:1,1
DA:3,1
DA:5,0
DA:11,0
LF:4
LH:2
BRF:0
BRH:0
end_of_record
TN:
SF:src\services\product\NewProductService.ts
FN:15,(anonymous_8)
FNF:1
FNH:0
FNDA:0,(anonymous_8)
DA:1,1
DA:17,0
DA:25,0
DA:26,0
DA:29,0
DA:30,0
DA:33,0
DA:44,0
DA:48,1
LF:9
LH:2
BRDA:25,0,0,0
BRDA:25,1,0,0
BRDA:25,1,1,0
BRDA:25,1,2,0
BRDA:29,2,0,0
BRF:5
BRH:0
end_of_record
TN:
SF:src\services\product\PaginationProductService.ts
FN:10,(anonymous_8)
FNF:1
FNH:0
FNDA:0,(anonymous_8)
DA:1,1
DA:11,0
DA:27,0
DA:31,1
LF:4
LH:2
BRF:0
BRH:0
end_of_record
TN:
SF:src\services\product\UpdateProductService.ts
FN:12,(anonymous_8)
FNF:1
FNH:0
FNDA:0,(anonymous_8)
DA:1,1
DA:13,0
DA:25,0
DA:29,1
LF:4
LH:2
BRF:0
BRH:0
end_of_record
TN:
SF:src\services\product_entry\productEntryService.ts
FN:11,(anonymous_8)
FNF:1
FNH:0
FNDA:0,(anonymous_8)
DA:1,1
DA:10,1
DA:14,0
DA:21,0
DA:30,0
DA:39,0
LF:6
LH:2
BRF:0
BRH:0
end_of_record
TN:
SF:src\services\sale_now\cancelSaleService.ts
FN:8,(anonymous_8)
FNF:1
FNH:0
FNDA:0,(anonymous_8)
DA:1,1
DA:7,1
DA:9,0
DA:15,0
LF:4
LH:2
BRF:0
BRH:0
end_of_record
TN:
SF:src\services\sale_now\loadSalePriceHoursService.ts
FN:11,(anonymous_8)
FN:35,(anonymous_10)
FN:36,(anonymous_11)
FNF:3
FNH:0
FNDA:0,(anonymous_8)
FNDA:0,(anonymous_10)
FNDA:0,(anonymous_11)
DA:1,1
DA:2,1
DA:13,0
DA:35,0
DA:36,0
DA:38,0
DA:42,1
LF:7
LH:3
BRF:0
BRH:0
end_of_record
TN:
SF:src\services\sale_now\loadSalePriceMonthSevice.ts
FN:9,(anonymous_8)
FN:23,(anonymous_10)
FN:24,(anonymous_11)
FNF:3
FNH:0
FNDA:0,(anonymous_8)
FNDA:0,(anonymous_10)
FNDA:0,(anonymous_11)
DA:1,1
DA:10,0
DA:23,0
DA:24,0
DA:26,0
DA:29,1
LF:6
LH:2
BRF:0
BRH:0
end_of_record
TN:
SF:src\services\sale_now\sales_now_service.ts
FN:21,(anonymous_8)
FNF:1
FNH:0
FNDA:0,(anonymous_8)
DA:1,1
DA:2,1
DA:3,1
DA:18,1
DA:24,0
DA:33,0
DA:39,0
DA:40,0
DA:52,0
DA:73,0
DA:82,0
LF:11
LH:4
BRDA:39,0,0,0
BRF:1
BRH:0
end_of_record
TN:
SF:src\services\sale_now\topTreeProductSaleService.ts
FN:8,(anonymous_8)
FNF:1
FNH:0
FNDA:0,(anonymous_8)
DA:1,1
DA:2,1
DA:3,1
DA:9,0
DA:28,0
DA:32,1
LF:6
LH:4
BRF:0
BRH:0
end_of_record
TN:
SF:src\services\size\LoadSizeByCategoryService.ts
FN:9,(anonymous_8)
FNF:1
FNH:0
FNDA:0,(anonymous_8)
DA:2,1
DA:8,1
DA:10,0
DA:18,0
LF:4
LH:2
BRF:0
BRH:0
end_of_record
TN:
SF:src\services\size\NewSizeCategoryService.ts
FN:12,(anonymous_8)
FNF:1
FNH:0
FNDA:0,(anonymous_8)
DA:2,1
DA:14,0
DA:21,0
DA:22,0
DA:25,0
DA:26,0
DA:29,0
DA:38,0
DA:42,1
LF:9
LH:2
BRDA:21,0,0,0
BRDA:25,1,0,0
BRDA:25,2,0,0
BRDA:25,2,1,0
BRDA:25,2,2,0
BRF:5
BRH:0
end_of_record
TN:
SF:src\services\user\AuthUserService.ts
FN:11,(anonymous_8)
FNF:1
FNH:0
FNDA:0,(anonymous_8)
DA:1,1
DA:2,1
DA:3,1
DA:14,0
DA:20,0
DA:21,0
DA:24,0
DA:26,0
DA:27,0
DA:31,0
DA:43,0
DA:52,1
LF:12
LH:4
BRDA:20,0,0,0
BRDA:26,1,0,0
BRF:2
BRH:0
end_of_record
TN:
SF:src\services\user\CreateUserService.ts
FN:11,(anonymous_8)
FNF:1
FNH:1
FNDA:1,(anonymous_8)
DA:1,1
DA:2,1
DA:13,1
DA:19,1
DA:20,0
DA:21,0
DA:25,1
DA:27,1
DA:40,1
DA:44,1
LF:10
LH:8
BRDA:19,0,0,0
BRF:1
BRH:0
end_of_record
TN:
SF:src\services\user\DetailUserService.ts
FN:6,(anonymous_8)
FNF:1
FNH:0
FNDA:0,(anonymous_8)
DA:2,1
DA:8,0
DA:14,0
DA:15,0
DA:18,0
DA:30,0
DA:34,1
LF:7
LH:2
BRDA:14,0,0,0
BRF:1
BRH:0
end_of_record
